\BOOKMARK [0][]{chapter.1}{\376\377\000P\000r\000o\000j\000e\000c\000t\000\040\000O\000v\000e\000r\000v\000i\000e\000w}{}% 1
\BOOKMARK [1][]{section.1.1}{\376\377\000T\000h\000e\000\040\000S\000E\0003\000\040\000B\000i\000d\000d\000i\000n\000g\000\040\000Z\000o\000n\000e}{chapter.1}% 2
\BOOKMARK [1][]{section.1.2}{\376\377\000W\000h\000y\000\040\000E\000l\000e\000c\000t\000r\000i\000c\000i\000t\000y\000\040\000P\000r\000i\000c\000e\000s\000\040\000A\000r\000e\000\040\000H\000a\000r\000d\000\040\000t\000o\000\040\000F\000o\000r\000e\000c\000a\000s\000t}{chapter.1}% 3
\BOOKMARK [1][]{section.1.3}{\376\377\000W\000h\000a\000t\000\040\000T\000h\000i\000s\000\040\000P\000r\000o\000j\000e\000c\000t\000\040\000B\000u\000i\000l\000d\000s}{chapter.1}% 4
\BOOKMARK [1][]{section.1.4}{\376\377\000v\0001\000\040\000v\000s\000\040\000v\0002\000\040\040\024\000\040\000W\000h\000a\000t\000\040\000C\000h\000a\000n\000g\000e\000d}{chapter.1}% 5
\BOOKMARK [1][]{section.1.5}{\376\377\000R\000e\000s\000u\000l\000t\000s\000\040\000a\000t\000\040\000a\000\040\000G\000l\000a\000n\000c\000e}{chapter.1}% 6
\BOOKMARK [0][]{chapter.2}{\376\377\000S\000y\000s\000t\000e\000m\000\040\000A\000r\000c\000h\000i\000t\000e\000c\000t\000u\000r\000e}{}% 7
\BOOKMARK [1][]{section.2.1}{\376\377\000A\000r\000c\000h\000i\000t\000e\000c\000t\000u\000r\000e\000\040\000D\000i\000a\000g\000r\000a\000m}{chapter.2}% 8
\BOOKMARK [1][]{section.2.2}{\376\377\000T\000e\000c\000h\000n\000o\000l\000o\000g\000y\000\040\000S\000t\000a\000c\000k}{chapter.2}% 9
\BOOKMARK [1][]{section.2.3}{\376\377\000P\000r\000o\000j\000e\000c\000t\000\040\000D\000i\000r\000e\000c\000t\000o\000r\000y\000\040\000S\000t\000r\000u\000c\000t\000u\000r\000e}{chapter.2}% 10
\BOOKMARK [0][]{chapter.3}{\376\377\000D\000a\000t\000a\000\040\000S\000o\000u\000r\000c\000e\000s}{}% 11
\BOOKMARK [1][]{section.3.1}{\376\377\000E\000N\000T\000S\000O\000-\000E\000\040\040\024\000\040\000E\000l\000e\000c\000t\000r\000i\000c\000i\000t\000y\000\040\000P\000r\000i\000c\000e\000s}{chapter.3}% 12
\BOOKMARK [1][]{section.3.2}{\376\377\000O\000p\000e\000n\000-\000M\000e\000t\000e\000o\000\040\040\024\000\040\000W\000e\000a\000t\000h\000e\000r\000\040\000D\000a\000t\000a}{chapter.3}% 13
\BOOKMARK [0][]{chapter.4}{\376\377\000S\000t\000o\000r\000a\000g\000e\000:\000\040\000T\000i\000m\000e\000D\000B\000\040\000a\000n\000d\000\040\000B\000i\000t\000e\000m\000p\000o\000r\000a\000l\000i\000t\000y}{}% 14
\BOOKMARK [1][]{section.4.1}{\376\377\000C\000l\000i\000c\000k\000H\000o\000u\000s\000e}{chapter.4}% 15
\BOOKMARK [1][]{section.4.2}{\376\377\000T\000i\000m\000e\000D\000B\000\040\040\024\000\040\000T\000h\000e\000\040\000B\000i\000t\000e\000m\000p\000o\000r\000a\000l\000\040\000L\000a\000y\000e\000r}{chapter.4}% 16
\BOOKMARK [2][]{section*.4}{\376\377\000T\000h\000e\000\040\000B\000i\000t\000e\000m\000p\000o\000r\000a\000l\000\040\000G\000r\000i\000d}{section.4.2}% 17
\BOOKMARK [2][]{section*.6}{\376\377\000W\000h\000y\000\040\000T\000h\000i\000s\000\040\000M\000a\000t\000t\000e\000r\000s\000\040\000f\000o\000r\000\040\000B\000a\000c\000k\000t\000e\000s\000t\000i\000n\000g}{section.4.2}% 18
\BOOKMARK [1][]{section.4.3}{\376\377\000T\000h\000e\000\040\000S\000e\000r\000i\000e\000s\000\040\000I\000D\000\040\000R\000e\000g\000i\000s\000t\000r\000y}{chapter.4}% 19
\BOOKMARK [1][]{section.4.4}{\376\377\000T\000i\000m\000e\000D\000B\000\040\000A\000P\000I\000\040\000Q\000u\000i\000c\000k\000\040\000R\000e\000f\000e\000r\000e\000n\000c\000e}{chapter.4}% 20
\BOOKMARK [1][]{section.4.5}{\376\377\000T\000h\000e\000\040\000R\000e\000t\000e\000n\000t\000i\000o\000n\000\040\000T\000T\000L\000\040\000B\000u\000g}{chapter.4}% 21
\BOOKMARK [0][]{chapter.5}{\376\377\000D\000a\000t\000a\000\040\000P\000i\000p\000e\000l\000i\000n\000e}{}% 22
\BOOKMARK [1][]{section.5.1}{\376\377\000P\000i\000p\000e\000l\000i\000n\000e\000\040\000O\000v\000e\000r\000v\000i\000e\000w}{chapter.5}% 23
\BOOKMARK [1][]{section.5.2}{\376\377\000T\000h\000e\000\040\000w\000r\000i\000t\000e\000\137\000s\000e\000r\000i\000e\000s\000\050\000\051\000\040\000H\000e\000l\000p\000e\000r}{chapter.5}% 24
\BOOKMARK [1][]{section.5.3}{\376\377\000C\000o\000m\000m\000a\000n\000d\000s\000\040\000R\000e\000f\000e\000r\000e\000n\000c\000e}{chapter.5}% 25
\BOOKMARK [0][]{chapter.6}{\376\377\000F\000e\000a\000t\000u\000r\000e\000\040\000E\000n\000g\000i\000n\000e\000e\000r\000i\000n\000g}{}% 26
\BOOKMARK [1][]{section.6.1}{\376\377\000O\000v\000e\000r\000v\000i\000e\000w\000:\000\040\000T\000h\000e\000\040\000F\000e\000a\000t\000u\000r\000e\000\040\000M\000a\000p}{chapter.6}% 27
\BOOKMARK [1][]{section.6.2}{\376\377\000A\000u\000t\000o\000r\000e\000g\000r\000e\000s\000s\000i\000v\000e\000\040\000\050\000A\000R\000\051\000\040\000P\000r\000i\000c\000e\000\040\000L\000a\000g\000s}{chapter.6}% 28
\BOOKMARK [1][]{section.6.3}{\376\377\000R\000o\000l\000l\000i\000n\000g\000\040\000S\000t\000a\000t\000i\000s\000t\000i\000c\000s\000\040\040\024\000\040\000L\000e\000a\000k\000a\000g\000e\000-\000F\000r\000e\000e\000\040\000D\000e\000s\000i\000g\000n}{chapter.6}% 29
\BOOKMARK [1][]{section.6.4}{\376\377\000C\000a\000l\000e\000n\000d\000a\000r\000\040\000F\000e\000a\000t\000u\000r\000e\000s}{chapter.6}% 30
\BOOKMARK [2][]{section*.9}{\376\377\000R\000a\000w\000\040\000C\000a\000l\000e\000n\000d\000a\000r}{section.6.4}% 31
\BOOKMARK [2][]{section*.10}{\376\377\000C\000y\000c\000l\000i\000c\000a\000l\000\040\000E\000n\000c\000o\000d\000i\000n\000g}{section.6.4}% 32
\BOOKMARK [1][]{section.6.5}{\376\377\000I\000n\000t\000e\000r\000a\000c\000t\000i\000o\000n\000\040\000F\000e\000a\000t\000u\000r\000e\000s\000\040\000\050\000v\0002\000\040\000A\000d\000d\000i\000t\000i\000o\000n\000s\000\051}{chapter.6}% 33
\BOOKMARK [0][]{chapter.7}{\376\377\000M\000o\000d\000e\000l\000s}{}% 34
\BOOKMARK [1][]{section.7.1}{\376\377\000L\000i\000g\000h\000t\000G\000B\000M\000\040\040\024\000\040\000Q\000u\000a\000n\000t\000i\000l\000e\000\040\000R\000e\000g\000r\000e\000s\000s\000i\000o\000n}{chapter.7}% 35
\BOOKMARK [2][]{section*.11}{\376\377\000G\000r\000a\000d\000i\000e\000n\000t\000\040\000B\000o\000o\000s\000t\000i\000n\000g\000\040\000R\000e\000f\000r\000e\000s\000h\000e\000r}{section.7.1}% 36
\BOOKMARK [2][]{section*.12}{\376\377\000Q\000u\000a\000n\000t\000i\000l\000e\000\040\000\050\000P\000i\000n\000b\000a\000l\000l\000\051\000\040\000L\000o\000s\000s}{section.7.1}% 37
\BOOKMARK [2][]{section*.13}{\376\377\000T\000h\000r\000e\000e\000\040\000I\000n\000d\000e\000p\000e\000n\000d\000e\000n\000t\000\040\000M\000o\000d\000e\000l\000s}{section.7.1}% 38
\BOOKMARK [2][]{section*.15}{\376\377\000H\000y\000p\000e\000r\000p\000a\000r\000a\000m\000e\000t\000e\000r\000s\000:\000\040\000B\000e\000f\000o\000r\000e\000\040\000v\000s\000\040\000A\000f\000t\000e\000r\000\040\000v\0002}{section.7.1}% 39
\BOOKMARK [2][]{section*.16}{\376\377\000E\000a\000r\000l\000y\000\040\000S\000t\000o\000p\000p\000i\000n\000g}{section.7.1}% 40
\BOOKMARK [2][]{section*.17}{\376\377\000R\000e\000c\000e\000n\000c\000y\000\040\000W\000e\000i\000g\000h\000t\000i\000n\000g}{section.7.1}% 41
\BOOKMARK [1][]{section.7.2}{\376\377\000L\000E\000A\000R\000\040\040\024\000\040\000L\000A\000S\000S\000O\000\040\000E\000s\000t\000i\000m\000a\000t\000e\000d\000\040\000A\000u\000t\000o\000R\000e\000g\000r\000e\000s\000s\000i\000v\000e}{chapter.7}% 42
\BOOKMARK [2][]{section*.18}{\376\377\000O\000n\000e\000\040\000M\000o\000d\000e\000l\000\040\000P\000e\000r\000\040\000H\000o\000u\000r}{section.7.2}% 43
\BOOKMARK [2][]{section*.20}{\376\377\000L\000A\000S\000S\000O\000\040\000R\000e\000g\000r\000e\000s\000s\000i\000o\000n}{section.7.2}% 44
\BOOKMARK [2][]{section*.21}{\376\377\000S\000t\000a\000n\000d\000a\000r\000d\000S\000c\000a\000l\000e\000r\000\040\040\024\000\040\000W\000h\000y\000\040\000R\000e\000q\000u\000i\000r\000e\000d}{section.7.2}% 45
\BOOKMARK [2][]{section*.22}{\376\377\000L\000a\000s\000s\000o\000C\000V\000\040\040\024\000\040\000D\000a\000t\000a\000-\000D\000r\000i\000v\000e\000n\000\040\000A\000l\000p\000h\000a\000\040\000S\000e\000l\000e\000c\000t\000i\000o\000n}{section.7.2}% 46
\BOOKMARK [2][]{section*.24}{\376\377\000P\000r\000e\000d\000i\000c\000t\000i\000o\000n\000\040\000I\000n\000t\000e\000r\000v\000a\000l\000s\000\040\000f\000o\000r\000\040\000L\000E\000A\000R}{section.7.2}% 47
\BOOKMARK [0][]{chapter.8}{\376\377\000T\000r\000a\000i\000n\000i\000n\000g\000\040\000P\000i\000p\000e\000l\000i\000n\000e}{}% 48
\BOOKMARK [1][]{section.8.1}{\376\377\000T\000r\000a\000i\000n\000i\000n\000g\000\040\000F\000l\000o\000w\000c\000h\000a\000r\000t}{chapter.8}% 49
\BOOKMARK [1][]{section.8.2}{\376\377\000T\000h\000e\000\040\0009\0000\000-\000D\000a\000y\000\040\000H\000o\000l\000d\000o\000u\000t}{chapter.8}% 50
\BOOKMARK [1][]{section.8.3}{\376\377\000T\000r\000a\000i\000n\000i\000n\000g\000\040\000C\000a\000c\000h\000e}{chapter.8}% 51
\BOOKMARK [1][]{section.8.4}{\376\377\000W\000r\000i\000t\000i\000n\000g\000\040\000F\000o\000r\000e\000c\000a\000s\000t\000s\000\040\000t\000o\000\040\000T\000i\000m\000e\000D\000B}{chapter.8}% 52
\BOOKMARK [0][]{chapter.9}{\376\377\000E\000v\000a\000l\000u\000a\000t\000i\000o\000n\000\040\000M\000e\000t\000r\000i\000c\000s}{}% 53
\BOOKMARK [1][]{section.9.1}{\376\377\000P\000o\000i\000n\000t\000-\000F\000o\000r\000e\000c\000a\000s\000t\000\040\000M\000e\000t\000r\000i\000c\000s}{chapter.9}% 54
\BOOKMARK [2][]{section*.26}{\376\377\000M\000A\000E\000\040\040\024\000\040\000M\000e\000a\000n\000\040\000A\000b\000s\000o\000l\000u\000t\000e\000\040\000E\000r\000r\000o\000r\000\040\000\050\000P\000r\000i\000m\000a\000r\000y\000\051}{section.9.1}% 55
\BOOKMARK [2][]{section*.27}{\376\377\000R\000M\000S\000E\000\040\040\024\000\040\000R\000o\000o\000t\000\040\000M\000e\000a\000n\000\040\000S\000q\000u\000a\000r\000e\000d\000\040\000E\000r\000r\000o\000r}{section.9.1}% 56
\BOOKMARK [2][]{section*.28}{\376\377\000M\000A\000P\000E\000\040\040\024\000\040\000M\000e\000a\000n\000\040\000A\000b\000s\000o\000l\000u\000t\000e\000\040\000P\000e\000r\000c\000e\000n\000t\000a\000g\000e\000\040\000E\000r\000r\000o\000r}{section.9.1}% 57
\BOOKMARK [1][]{section.9.2}{\376\377\000P\000r\000o\000b\000a\000b\000i\000l\000i\000s\000t\000i\000c\000\040\000M\000e\000t\000r\000i\000c\000s}{chapter.9}% 58
\BOOKMARK [2][]{section*.29}{\376\377\000P\000I\000\040\000C\000o\000v\000e\000r\000a\000g\000e\000\040\040\024\000\040\000P\000r\000e\000d\000i\000c\000t\000i\000o\000n\000\040\000I\000n\000t\000e\000r\000v\000a\000l\000\040\000C\000o\000v\000e\000r\000a\000g\000e}{section.9.2}% 59
\BOOKMARK [2][]{section*.30}{\376\377\000C\000R\000P\000S\000\040\040\024\000\040\000C\000o\000n\000t\000i\000n\000u\000o\000u\000s\000\040\000R\000a\000n\000k\000e\000d\000\040\000P\000r\000o\000b\000a\000b\000i\000l\000i\000t\000y\000\040\000S\000c\000o\000r\000e}{section.9.2}% 60
\BOOKMARK [1][]{section.9.3}{\376\377\000C\000o\000n\000d\000i\000t\000i\000o\000n\000a\000l\000\040\000M\000e\000t\000r\000i\000c\000s}{chapter.9}% 61
\BOOKMARK [1][]{section.9.4}{\376\377\000R\000e\000l\000i\000a\000b\000i\000l\000i\000t\000y\000\040\000D\000i\000a\000g\000r\000a\000m}{chapter.9}% 62
\BOOKMARK [0][]{chapter.10}{\376\377\000D\000a\000s\000h\000b\000o\000a\000r\000d}{}% 63
\BOOKMARK [1][]{section.10.1}{\376\377\000S\000i\000d\000e\000b\000a\000r\000\040\000C\000o\000n\000t\000r\000o\000l\000s}{chapter.10}% 64
\BOOKMARK [1][]{section.10.2}{\376\377\000T\000a\000b\000\040\0001\000\040\040\024\000\040\000F\000o\000r\000e\000c\000a\000s\000t}{chapter.10}% 65
\BOOKMARK [1][]{section.10.3}{\376\377\000T\000a\000b\000\040\0002\000\040\040\024\000\040\000P\000e\000r\000f\000o\000r\000m\000a\000n\000c\000e}{chapter.10}% 66
\BOOKMARK [1][]{section.10.4}{\376\377\000T\000a\000b\000\040\0003\000\040\040\024\000\040\000B\000a\000c\000k\000t\000e\000s\000t\000i\000n\000g}{chapter.10}% 67
\BOOKMARK [2][]{section*.31}{\376\377\000L\000i\000v\000e\000\040\000R\000e\000-\000p\000r\000e\000d\000i\000c\000t\000i\000o\000n\000\040\000S\000e\000c\000t\000i\000o\000n}{section.10.4}% 68
\BOOKMARK [2][]{section*.32}{\376\377\000B\000i\000t\000e\000m\000p\000o\000r\000a\000l\000\040\000S\000e\000c\000t\000i\000o\000n\000\040\040\024\000\040\000A\000s\000-\000o\000f\000\040\000Q\000u\000e\000r\000y}{section.10.4}% 69
\BOOKMARK [2][]{section*.33}{\376\377\000B\000i\000t\000e\000m\000p\000o\000r\000a\000l\000\040\000S\000e\000c\000t\000i\000o\000n\000\040\040\024\000\040\000G\000a\000t\000e\000-\000C\000l\000o\000s\000u\000r\000e\000\040\000B\000a\000c\000k\000t\000e\000s\000t}{section.10.4}% 70
\BOOKMARK [1][]{section.10.5}{\376\377\000T\000a\000b\000\040\0004\000\040\040\024\000\040\000D\000i\000a\000g\000n\000o\000s\000t\000i\000c\000s}{chapter.10}% 71
\BOOKMARK [1][]{section.10.6}{\376\377\000T\000a\000b\000\040\0005\000\040\040\024\000\040\000D\000a\000t\000a\000\040\000E\000x\000p\000l\000o\000r\000e\000r}{chapter.10}% 72
\BOOKMARK [0][]{chapter.11}{\376\377\000I\000n\000t\000e\000r\000p\000r\000e\000t\000i\000n\000g\000\040\000R\000e\000s\000u\000l\000t\000s\000:\000\040\000A\000\040\000P\000r\000a\000c\000t\000i\000c\000a\000l\000\040\000G\000u\000i\000d\000e}{}% 73
\BOOKMARK [0][]{chapter.12}{\376\377\000M\000o\000d\000i\000f\000i\000c\000a\000t\000i\000o\000n\000s\000\040\000L\000o\000g}{}% 74
\BOOKMARK [0][]{chapter.13}{\376\377\000C\000o\000d\000e\000\040\000S\000t\000r\000u\000c\000t\000u\000r\000e\000\040\000R\000e\000f\000e\000r\000e\000n\000c\000e}{}% 75
\BOOKMARK [1][]{section.13.1}{\376\377\000K\000e\000y\000\040\000F\000u\000n\000c\000t\000i\000o\000n\000s\000\040\000Q\000u\000i\000c\000k\000\040\000R\000e\000f\000e\000r\000e\000n\000c\000e}{chapter.13}% 76
\BOOKMARK [0][]{chapter.14}{\376\377\000C\000h\000e\000a\000t\000\040\000S\000h\000e\000e\000t\000\040\040\024\000\040\000W\000h\000a\000t\000\040\000t\000o\000\040\000K\000n\000o\000w\000\040\000b\000y\000\040\000H\000e\000a\000r\000t}{}% 77
\BOOKMARK [1][]{section.14.1}{\376\377\000K\000e\000y\000\040\000C\000o\000m\000m\000a\000n\000d\000s}{chapter.14}% 78
\BOOKMARK [1][]{section.14.2}{\376\377\000P\000r\000i\000c\000e\000\040\000L\000a\000g\000s\000\040\040\024\000\040\000W\000h\000y\000\040\000E\000a\000c\000h\000\040\000E\000x\000i\000s\000t\000s}{chapter.14}% 79
\BOOKMARK [1][]{section.14.3}{\376\377\000K\000e\000y\000\040\000F\000o\000r\000m\000u\000l\000a\000s}{chapter.14}% 80
\BOOKMARK [1][]{section.14.4}{\376\377\000T\000i\000m\000e\000D\000B\000\040\000A\000P\000I\000\040\000Q\000u\000i\000c\000k\000\040\000R\000e\000f\000e\000r\000e\000n\000c\000e}{chapter.14}% 81
\BOOKMARK [1][]{section.14.5}{\376\377\000M\000e\000t\000r\000i\000c\000s\000\040\000Q\000u\000i\000c\000k\000\040\000R\000e\000f\000e\000r\000e\000n\000c\000e}{chapter.14}% 82
\BOOKMARK [1][]{section.14.6}{\376\377\000T\000r\000o\000u\000b\000l\000e\000s\000h\000o\000o\000t\000i\000n\000g\000\040\000C\000h\000e\000c\000k\000l\000i\000s\000t}{chapter.14}% 83
\BOOKMARK [1][]{section.14.7}{\376\377\000N\000e\000x\000t\000\040\000S\000t\000e\000p\000s\000\040\000\050\000P\000l\000a\000n\000n\000e\000d\000\051}{chapter.14}% 84
